<?xml version="1.0" encoding="UTF-8"?>
<testng-results skipped="0" failed="1" ignored="0" total="2" passed="1">
  <reporter-output>
  </reporter-output>
  <suite name="Command line suite" duration-ms="11313" started-at="2022-03-15T19:58:17Z" finished-at="2022-03-15T19:58:29Z">
    <groups>
    </groups>
    <test name="Command line test" duration-ms="11313" started-at="2022-03-15T19:58:17Z" finished-at="2022-03-15T19:58:29Z">
      <class name="com.saucedemo.DellTechnologiesTask.listener.ListenerTest">
        <test-method status="PASS" signature="setUp(java.lang.String)[pri:0, instance:com.saucedemo.DellTechnologiesTask.listener.ListenerTest@793f29ff]" name="setUp" is-config="true" duration-ms="3510" started-at="2022-03-15T19:58:17Z" finished-at="2022-03-15T19:58:21Z">
          <params>
            <param index="0">
              <value>
                <![CDATA[chrome]]>
              </value>
            </param>
          </params>
          <reporter-output>
          </reporter-output>
        </test-method> <!-- setUp -->
        <test-method status="PASS" signature="navigation()[pri:0, instance:com.saucedemo.DellTechnologiesTask.listener.ListenerTest@793f29ff]" name="navigation" is-config="true" duration-ms="6411" started-at="2022-03-15T19:58:21Z" finished-at="2022-03-15T19:58:27Z">
          <reporter-output>
          </reporter-output>
        </test-method> <!-- navigation -->
        <test-method status="FAIL" signature="coverAllTestcases()[pri:0, instance:com.saucedemo.DellTechnologiesTask.listener.ListenerTest@793f29ff]" name="coverAllTestcases" duration-ms="427" started-at="2022-03-15T19:58:27Z" finished-at="2022-03-15T19:58:28Z">
          <exception class="java.lang.AssertionError">
            <full-stacktrace>
              <![CDATA[java.lang.AssertionError: 
at org.testng.AssertJUnit.fail(AssertJUnit.java:59)
at org.testng.AssertJUnit.assertTrue(AssertJUnit.java:24)
at org.testng.AssertJUnit.assertTrue(AssertJUnit.java:33)
at com.saucedemo.DellTechnologiesTask.testpackage.LoginScenario.assertPassword(LoginScenario.java:121)
at com.saucedemo.DellTechnologiesTask.testpackage.LoginScenario.coverAllTestcases(LoginScenario.java:103)
at sun.reflect.NativeMethodAccessorImpl.invoke0(Native Method)
at sun.reflect.NativeMethodAccessorImpl.invoke(NativeMethodAccessorImpl.java:62)
at sun.reflect.DelegatingMethodAccessorImpl.invoke(DelegatingMethodAccessorImpl.java:43)
at java.lang.reflect.Method.invoke(Method.java:498)
at org.testng.internal.MethodInvocationHelper.invokeMethod(MethodInvocationHelper.java:124)
at org.testng.internal.Invoker.invokeMethod(Invoker.java:583)
at org.testng.internal.Invoker.invokeTestMethod(Invoker.java:719)
at org.testng.internal.Invoker.invokeTestMethods(Invoker.java:989)
at org.testng.internal.TestMethodWorker.invokeTestMethods(TestMethodWorker.java:125)
at org.testng.internal.TestMethodWorker.run(TestMethodWorker.java:109)
at org.testng.TestRunner.privateRun(TestRunner.java:648)
at org.testng.TestRunner.run(TestRunner.java:505)
at org.testng.SuiteRunner.runTest(SuiteRunner.java:455)
at org.testng.SuiteRunner.runSequentially(SuiteRunner.java:450)
at org.testng.SuiteRunner.privateRun(SuiteRunner.java:415)
at org.testng.SuiteRunner.run(SuiteRunner.java:364)
at org.testng.SuiteRunnerWorker.runSuite(SuiteRunnerWorker.java:52)
at org.testng.SuiteRunnerWorker.run(SuiteRunnerWorker.java:84)
at org.testng.TestNG.runSuitesSequentially(TestNG.java:1208)
at org.testng.TestNG.runSuitesLocally(TestNG.java:1137)
at org.testng.TestNG.runSuites(TestNG.java:1049)
at org.testng.TestNG.run(TestNG.java:1017)
at org.apache.maven.surefire.testng.TestNGExecutor.run(TestNGExecutor.java:77)
at org.apache.maven.surefire.testng.TestNGDirectoryTestSuite.executeMulti(TestNGDirectoryTestSuite.java:159)
at org.apache.maven.surefire.testng.TestNGDirectoryTestSuite.execute(TestNGDirectoryTestSuite.java:99)
at org.apache.maven.surefire.testng.TestNGProvider.invoke(TestNGProvider.java:106)
at sun.reflect.NativeMethodAccessorImpl.invoke0(Native Method)
at sun.reflect.NativeMethodAccessorImpl.invoke(NativeMethodAccessorImpl.java:62)
at sun.reflect.DelegatingMethodAccessorImpl.invoke(DelegatingMethodAccessorImpl.java:43)
at java.lang.reflect.Method.invoke(Method.java:498)
at org.apache.maven.surefire.util.ReflectionUtils.invokeMethodWithArray(ReflectionUtils.java:189)
at org.apache.maven.surefire.booter.ProviderFactory$ProviderProxy.invoke(ProviderFactory.java:165)
at org.apache.maven.surefire.booter.ProviderFactory.invokeProvider(ProviderFactory.java:85)
at org.apache.maven.surefire.booter.ForkedBooter.runSuitesInProcess(ForkedBooter.java:115)
at org.apache.maven.surefire.booter.ForkedBooter.main(ForkedBooter.java:75)
]]>
            </full-stacktrace>
          </exception> <!-- java.lang.AssertionError -->
          <reporter-output>
          </reporter-output>
        </test-method> <!-- coverAllTestcases -->
        <test-method status="PASS" signature="navigation()[pri:0, instance:com.saucedemo.DellTechnologiesTask.listener.ListenerTest@793f29ff]" name="navigation" is-config="true" duration-ms="144" started-at="2022-03-15T19:58:28Z" finished-at="2022-03-15T19:58:28Z">
          <reporter-output>
          </reporter-output>
        </test-method> <!-- navigation -->
        <test-method status="PASS" signature="positiveScenario()[pri:0, instance:com.saucedemo.DellTechnologiesTask.listener.ListenerTest@793f29ff]" name="positiveScenario" duration-ms="263" started-at="2022-03-15T19:58:28Z" finished-at="2022-03-15T19:58:28Z">
          <reporter-output>
          </reporter-output>
        </test-method> <!-- positiveScenario -->
        <test-method status="PASS" signature="close()[pri:0, instance:com.saucedemo.DellTechnologiesTask.listener.ListenerTest@793f29ff]" name="close" is-config="true" duration-ms="283" started-at="2022-03-15T19:58:28Z" finished-at="2022-03-15T19:58:29Z">
          <reporter-output>
          </reporter-output>
        </test-method> <!-- close -->
      </class> <!-- com.saucedemo.DellTechnologiesTask.listener.ListenerTest -->
    </test> <!-- Command line test -->
  </suite> <!-- Command line suite -->
</testng-results>
