<!DOCTYPE html PUBLIC "-//W3C//DTD XHTML 1.1//EN" "http://www.w3.org/TR/xhtml11/DTD/xhtml11.dtd">
<html xmlns="http://www.w3.org/1999/xhtml">
<head>
<meta http-equiv="content-type" content="text/html; charset=UTF-8"/>
<title>TestNG Report</title>
<style type="text/css">table {margin-bottom:10px;border-collapse:collapse;empty-cells:show}th,td {border:1px solid #009;padding:.25em .5em}th {vertical-align:bottom}td {vertical-align:top}table a {font-weight:bold}.stripe td {background-color: #E6EBF9}.num {text-align:right}.passedodd td {background-color: #3F3}.passedeven td {background-color: #0A0}.skippedodd td {background-color: #DDD}.skippedeven td {background-color: #CCC}.failedodd td,.attn {background-color: #F33}.failedeven td,.stripe .attn {background-color: #D00}.stacktrace {white-space:pre;font-family:monospace}.totop {font-size:85%;text-align:center;border-bottom:2px solid #000}.invisible {display:none}</style>
</head>
<body>
<table>
<tr><th>Test</th><th># Passed</th><th># Skipped</th><th># Failed</th><th>Time (ms)</th><th>Included Groups</th><th>Excluded Groups</th></tr>
<tr><th colspan="7">Suite</th></tr>
<tr><td><a href="#t0">TestChrome</a></td><td class="num">1</td><td class="num">0</td><td class="num attn">1</td><td class="num">45,571</td><td></td><td></td></tr>
<tr class="stripe"><td><a href="#t1">Testme</a></td><td class="num">1</td><td class="num">0</td><td class="num attn">1</td><td class="num">11,580</td><td></td><td></td></tr>
<tr><td><a href="#t2">Testfirefox</a></td><td class="num">1</td><td class="num">0</td><td class="num attn">1</td><td class="num">13,136</td><td></td><td></td></tr>
<tr><th>Total</th><th class="num">3</th><th class="num">0</th><th class="num attn">3</th><th class="num">70,287</th><th colspan="2"></th></tr>
</table>
<table id='summary'><thead><tr><th>Class</th><th>Method</th><th>Start</th><th>Time (ms)</th></tr></thead><tbody><tr><th colspan="4">Suite</th></tr></tbody><tbody id="t0"><tr><th colspan="4">TestChrome &#8212; failed</th></tr><tr class="failedeven"><td rowspan="1">com.saucedemo.DellTechnologiesTask.testpackage.LoginScenario</td><td><a href="#m0">coverAllTestcases</a></td><td rowspan="1">1647375554627</td><td rowspan="1">1217</td></tr><tr><th colspan="4">TestChrome &#8212; passed</th></tr><tr class="passedeven"><td rowspan="1">com.saucedemo.DellTechnologiesTask.testpackage.LoginScenario</td><td><a href="#m1">positiveScenario</a></td><td rowspan="1">1647375556537</td><td rowspan="1">264</td></tr></tbody>
<tbody id="t1"><tr><th colspan="4">Testme &#8212; failed</th></tr><tr class="failedeven"><td rowspan="1">com.saucedemo.DellTechnologiesTask.testpackage.LoginScenario</td><td><a href="#m2">coverAllTestcases</a></td><td rowspan="1">1647375566989</td><td rowspan="1">458</td></tr><tr><th colspan="4">Testme &#8212; passed</th></tr><tr class="passedeven"><td rowspan="1">com.saucedemo.DellTechnologiesTask.testpackage.LoginScenario</td><td><a href="#m3">positiveScenario</a></td><td rowspan="1">1647375568003</td><td rowspan="1">384</td></tr></tbody>
<tbody id="t2"><tr><th colspan="4">Testfirefox &#8212; failed</th></tr><tr class="failedeven"><td rowspan="1">com.saucedemo.DellTechnologiesTask.testpackage.LoginScenario</td><td><a href="#m4">coverAllTestcases</a></td><td rowspan="1">1647375577976</td><td rowspan="1">451</td></tr><tr><th colspan="4">Testfirefox &#8212; passed</th></tr><tr class="passedeven"><td rowspan="1">com.saucedemo.DellTechnologiesTask.testpackage.LoginScenario</td><td><a href="#m5">positiveScenario</a></td><td rowspan="1">1647375578678</td><td rowspan="1">492</td></tr></tbody>
</table>
<h2>TestChrome</h2><h3 id="m0">com.saucedemo.DellTechnologiesTask.testpackage.LoginScenario#coverAllTestcases</h3><table class="result"><tr><th>Exception</th></tr><tr><td><div class="stacktrace">java.lang.AssertionError: 
	at com.saucedemo.DellTechnologiesTask.testpackage.LoginScenario.assertPassword(LoginScenario.java:121)
	at com.saucedemo.DellTechnologiesTask.testpackage.LoginScenario.coverAllTestcases(LoginScenario.java:103)
... Removed 28 stack frames</div></td></tr></table><p class="totop"><a href="#summary">back to summary</a></p>
<h3 id="m1">com.saucedemo.DellTechnologiesTask.testpackage.LoginScenario#positiveScenario</h3><table class="result"><tr><th class="invisible"/></tr></table><p class="totop"><a href="#summary">back to summary</a></p>
<h2>Testme</h2><h3 id="m2">com.saucedemo.DellTechnologiesTask.testpackage.LoginScenario#coverAllTestcases</h3><table class="result"><tr><th>Exception</th></tr><tr><td><div class="stacktrace">java.lang.AssertionError: 
	at com.saucedemo.DellTechnologiesTask.testpackage.LoginScenario.assertPassword(LoginScenario.java:121)
	at com.saucedemo.DellTechnologiesTask.testpackage.LoginScenario.coverAllTestcases(LoginScenario.java:103)
... Removed 28 stack frames</div></td></tr></table><p class="totop"><a href="#summary">back to summary</a></p>
<h3 id="m3">com.saucedemo.DellTechnologiesTask.testpackage.LoginScenario#positiveScenario</h3><table class="result"><tr><th class="invisible"/></tr></table><p class="totop"><a href="#summary">back to summary</a></p>
<h2>Testfirefox</h2><h3 id="m4">com.saucedemo.DellTechnologiesTask.testpackage.LoginScenario#coverAllTestcases</h3><table class="result"><tr><th>Exception</th></tr><tr><td><div class="stacktrace">java.lang.AssertionError: 
	at com.saucedemo.DellTechnologiesTask.testpackage.LoginScenario.assertPassword(LoginScenario.java:121)
	at com.saucedemo.DellTechnologiesTask.testpackage.LoginScenario.coverAllTestcases(LoginScenario.java:103)
... Removed 28 stack frames</div></td></tr></table><p class="totop"><a href="#summary">back to summary</a></p>
<h3 id="m5">com.saucedemo.DellTechnologiesTask.testpackage.LoginScenario#positiveScenario</h3><table class="result"><tr><th class="invisible"/></tr></table><p class="totop"><a href="#summary">back to summary</a></p>
</body>
</html>
