<?xml version="1.0" encoding="UTF-8"?>
<testng-results skipped="0" failed="3" ignored="0" total="6" passed="3">
  <reporter-output>
  </reporter-output>
  <suite name="Suite" duration-ms="70311" started-at="2022-03-15T20:18:31Z" finished-at="2022-03-15T20:19:41Z">
    <groups>
    </groups>
    <test name="TestChrome" duration-ms="45571" started-at="2022-03-15T20:18:31Z" finished-at="2022-03-15T20:19:16Z">
      <class name="com.saucedemo.DellTechnologiesTask.testpackage.LoginScenario">
        <test-method status="PASS" signature="setUp(java.lang.String)[pri:0, instance:com.saucedemo.DellTechnologiesTask.testpackage.LoginScenario@3cce5371]" name="setUp" is-config="true" duration-ms="2312" started-at="2022-03-15T20:18:31Z" finished-at="2022-03-15T20:18:33Z">
          <params>
            <param index="0">
              <value>
                <![CDATA[chrome]]>
              </value>
            </param>
          </params>
          <reporter-output>
          </reporter-output>
        </test-method> <!-- setUp -->
        <test-method status="PASS" signature="navigation()[pri:0, instance:com.saucedemo.DellTechnologiesTask.testpackage.LoginScenario@3cce5371]" name="navigation" is-config="true" duration-ms="40903" started-at="2022-03-15T20:18:33Z" finished-at="2022-03-15T20:19:14Z">
          <reporter-output>
          </reporter-output>
        </test-method> <!-- navigation -->
        <test-method status="FAIL" signature="coverAllTestcases()[pri:0, instance:com.saucedemo.DellTechnologiesTask.testpackage.LoginScenario@3cce5371]" name="coverAllTestcases" duration-ms="1217" started-at="2022-03-15T20:19:14Z" finished-at="2022-03-15T20:19:15Z">
          <exception class="java.lang.AssertionError">
            <full-stacktrace>
              <![CDATA[java.lang.AssertionError: 
at org.testng.AssertJUnit.fail(AssertJUnit.java:59)
at org.testng.AssertJUnit.assertTrue(AssertJUnit.java:24)
at org.testng.AssertJUnit.assertTrue(AssertJUnit.java:33)
at com.saucedemo.DellTechnologiesTask.testpackage.LoginScenario.assertPassword(LoginScenario.java:121)
at com.saucedemo.DellTechnologiesTask.testpackage.LoginScenario.coverAllTestcases(LoginScenario.java:103)
at sun.reflect.NativeMethodAccessorImpl.invoke0(Native Method)
at sun.reflect.NativeMethodAccessorImpl.invoke(NativeMethodAccessorImpl.java:62)
at sun.reflect.DelegatingMethodAccessorImpl.invoke(DelegatingMethodAccessorImpl.java:43)
at java.lang.reflect.Method.invoke(Method.java:498)
at org.testng.internal.MethodInvocationHelper.invokeMethod(MethodInvocationHelper.java:124)
at org.testng.internal.Invoker.invokeMethod(Invoker.java:580)
at org.testng.internal.Invoker.invokeTestMethod(Invoker.java:716)
at org.testng.internal.Invoker.invokeTestMethods(Invoker.java:988)
at org.testng.internal.TestMethodWorker.invokeTestMethods(TestMethodWorker.java:125)
at org.testng.internal.TestMethodWorker.run(TestMethodWorker.java:109)
at org.testng.TestRunner.privateRun(TestRunner.java:648)
at org.testng.TestRunner.run(TestRunner.java:505)
at org.testng.SuiteRunner.runTest(SuiteRunner.java:455)
at org.testng.SuiteRunner.runSequentially(SuiteRunner.java:450)
at org.testng.SuiteRunner.privateRun(SuiteRunner.java:415)
at org.testng.SuiteRunner.run(SuiteRunner.java:364)
at org.testng.SuiteRunnerWorker.runSuite(SuiteRunnerWorker.java:52)
at org.testng.SuiteRunnerWorker.run(SuiteRunnerWorker.java:84)
at org.testng.TestNG.runSuitesSequentially(TestNG.java:1208)
at org.testng.TestNG.runSuitesLocally(TestNG.java:1137)
at org.testng.TestNG.runSuites(TestNG.java:1049)
at org.testng.TestNG.run(TestNG.java:1017)
at org.testng.remote.AbstractRemoteTestNG.run(AbstractRemoteTestNG.java:114)
at org.testng.remote.RemoteTestNG.initAndRun(RemoteTestNG.java:251)
at org.testng.remote.RemoteTestNG.main(RemoteTestNG.java:77)
]]>
            </full-stacktrace>
          </exception> <!-- java.lang.AssertionError -->
          <reporter-output>
          </reporter-output>
        </test-method> <!-- coverAllTestcases -->
        <test-method status="PASS" signature="navigation()[pri:0, instance:com.saucedemo.DellTechnologiesTask.testpackage.LoginScenario@3cce5371]" name="navigation" is-config="true" duration-ms="398" started-at="2022-03-15T20:19:16Z" finished-at="2022-03-15T20:19:16Z">
          <reporter-output>
          </reporter-output>
        </test-method> <!-- navigation -->
        <test-method status="PASS" signature="positiveScenario()[pri:0, instance:com.saucedemo.DellTechnologiesTask.testpackage.LoginScenario@3cce5371]" name="positiveScenario" duration-ms="264" started-at="2022-03-15T20:19:16Z" finished-at="2022-03-15T20:19:16Z">
          <reporter-output>
          </reporter-output>
        </test-method> <!-- positiveScenario -->
        <test-method status="PASS" signature="close()[pri:0, instance:com.saucedemo.DellTechnologiesTask.testpackage.LoginScenario@3cce5371]" name="close" is-config="true" duration-ms="86" started-at="2022-03-15T20:19:16Z" finished-at="2022-03-15T20:19:16Z">
          <reporter-output>
          </reporter-output>
        </test-method> <!-- close -->
      </class> <!-- com.saucedemo.DellTechnologiesTask.testpackage.LoginScenario -->
    </test> <!-- TestChrome -->
    <test name="Testme" duration-ms="11580" started-at="2022-03-15T20:19:16Z" finished-at="2022-03-15T20:19:28Z">
      <class name="com.saucedemo.DellTechnologiesTask.testpackage.LoginScenario">
        <test-method status="PASS" signature="setUp(java.lang.String)[pri:0, instance:com.saucedemo.DellTechnologiesTask.testpackage.LoginScenario@446a1e84]" name="setUp" is-config="true" duration-ms="4566" started-at="2022-03-15T20:19:16Z" finished-at="2022-03-15T20:19:21Z">
          <params>
            <param index="0">
              <value>
                <![CDATA[me]]>
              </value>
            </param>
          </params>
          <reporter-output>
          </reporter-output>
        </test-method> <!-- setUp -->
        <test-method status="PASS" signature="navigation()[pri:0, instance:com.saucedemo.DellTechnologiesTask.testpackage.LoginScenario@446a1e84]" name="navigation" is-config="true" duration-ms="5513" started-at="2022-03-15T20:19:21Z" finished-at="2022-03-15T20:19:26Z">
          <reporter-output>
          </reporter-output>
        </test-method> <!-- navigation -->
        <test-method status="FAIL" signature="coverAllTestcases()[pri:0, instance:com.saucedemo.DellTechnologiesTask.testpackage.LoginScenario@446a1e84]" name="coverAllTestcases" duration-ms="458" started-at="2022-03-15T20:19:26Z" finished-at="2022-03-15T20:19:27Z">
          <exception class="java.lang.AssertionError">
            <full-stacktrace>
              <![CDATA[java.lang.AssertionError: 
at org.testng.AssertJUnit.fail(AssertJUnit.java:59)
at org.testng.AssertJUnit.assertTrue(AssertJUnit.java:24)
at org.testng.AssertJUnit.assertTrue(AssertJUnit.java:33)
at com.saucedemo.DellTechnologiesTask.testpackage.LoginScenario.assertPassword(LoginScenario.java:121)
at com.saucedemo.DellTechnologiesTask.testpackage.LoginScenario.coverAllTestcases(LoginScenario.java:103)
at sun.reflect.NativeMethodAccessorImpl.invoke0(Native Method)
at sun.reflect.NativeMethodAccessorImpl.invoke(NativeMethodAccessorImpl.java:62)
at sun.reflect.DelegatingMethodAccessorImpl.invoke(DelegatingMethodAccessorImpl.java:43)
at java.lang.reflect.Method.invoke(Method.java:498)
at org.testng.internal.MethodInvocationHelper.invokeMethod(MethodInvocationHelper.java:124)
at org.testng.internal.Invoker.invokeMethod(Invoker.java:580)
at org.testng.internal.Invoker.invokeTestMethod(Invoker.java:716)
at org.testng.internal.Invoker.invokeTestMethods(Invoker.java:988)
at org.testng.internal.TestMethodWorker.invokeTestMethods(TestMethodWorker.java:125)
at org.testng.internal.TestMethodWorker.run(TestMethodWorker.java:109)
at org.testng.TestRunner.privateRun(TestRunner.java:648)
at org.testng.TestRunner.run(TestRunner.java:505)
at org.testng.SuiteRunner.runTest(SuiteRunner.java:455)
at org.testng.SuiteRunner.runSequentially(SuiteRunner.java:450)
at org.testng.SuiteRunner.privateRun(SuiteRunner.java:415)
at org.testng.SuiteRunner.run(SuiteRunner.java:364)
at org.testng.SuiteRunnerWorker.runSuite(SuiteRunnerWorker.java:52)
at org.testng.SuiteRunnerWorker.run(SuiteRunnerWorker.java:84)
at org.testng.TestNG.runSuitesSequentially(TestNG.java:1208)
at org.testng.TestNG.runSuitesLocally(TestNG.java:1137)
at org.testng.TestNG.runSuites(TestNG.java:1049)
at org.testng.TestNG.run(TestNG.java:1017)
at org.testng.remote.AbstractRemoteTestNG.run(AbstractRemoteTestNG.java:114)
at org.testng.remote.RemoteTestNG.initAndRun(RemoteTestNG.java:251)
at org.testng.remote.RemoteTestNG.main(RemoteTestNG.java:77)
]]>
            </full-stacktrace>
          </exception> <!-- java.lang.AssertionError -->
          <reporter-output>
          </reporter-output>
        </test-method> <!-- coverAllTestcases -->
        <test-method status="PASS" signature="navigation()[pri:0, instance:com.saucedemo.DellTechnologiesTask.testpackage.LoginScenario@446a1e84]" name="navigation" is-config="true" duration-ms="282" started-at="2022-03-15T20:19:27Z" finished-at="2022-03-15T20:19:28Z">
          <reporter-output>
          </reporter-output>
        </test-method> <!-- navigation -->
        <test-method status="PASS" signature="positiveScenario()[pri:0, instance:com.saucedemo.DellTechnologiesTask.testpackage.LoginScenario@446a1e84]" name="positiveScenario" duration-ms="384" started-at="2022-03-15T20:19:28Z" finished-at="2022-03-15T20:19:28Z">
          <reporter-output>
          </reporter-output>
        </test-method> <!-- positiveScenario -->
        <test-method status="PASS" signature="close()[pri:0, instance:com.saucedemo.DellTechnologiesTask.testpackage.LoginScenario@446a1e84]" name="close" is-config="true" duration-ms="98" started-at="2022-03-15T20:19:28Z" finished-at="2022-03-15T20:19:28Z">
          <reporter-output>
          </reporter-output>
        </test-method> <!-- close -->
      </class> <!-- com.saucedemo.DellTechnologiesTask.testpackage.LoginScenario -->
    </test> <!-- Testme -->
    <test name="Testfirefox" duration-ms="13136" started-at="2022-03-15T20:19:28Z" finished-at="2022-03-15T20:19:41Z">
      <class name="com.saucedemo.DellTechnologiesTask.testpackage.LoginScenario">
        <test-method status="PASS" signature="setUp(java.lang.String)[pri:0, instance:com.saucedemo.DellTechnologiesTask.testpackage.LoginScenario@d23e042]" name="setUp" is-config="true" duration-ms="7534" started-at="2022-03-15T20:19:28Z" finished-at="2022-03-15T20:19:36Z">
          <params>
            <param index="0">
              <value>
                <![CDATA[firefox]]>
              </value>
            </param>
          </params>
          <reporter-output>
          </reporter-output>
        </test-method> <!-- setUp -->
        <test-method status="PASS" signature="navigation()[pri:0, instance:com.saucedemo.DellTechnologiesTask.testpackage.LoginScenario@d23e042]" name="navigation" is-config="true" duration-ms="1945" started-at="2022-03-15T20:19:36Z" finished-at="2022-03-15T20:19:37Z">
          <reporter-output>
          </reporter-output>
        </test-method> <!-- navigation -->
        <test-method status="FAIL" signature="coverAllTestcases()[pri:0, instance:com.saucedemo.DellTechnologiesTask.testpackage.LoginScenario@d23e042]" name="coverAllTestcases" duration-ms="451" started-at="2022-03-15T20:19:37Z" finished-at="2022-03-15T20:19:38Z">
          <exception class="java.lang.AssertionError">
            <full-stacktrace>
              <![CDATA[java.lang.AssertionError: 
at org.testng.AssertJUnit.fail(AssertJUnit.java:59)
at org.testng.AssertJUnit.assertTrue(AssertJUnit.java:24)
at org.testng.AssertJUnit.assertTrue(AssertJUnit.java:33)
at com.saucedemo.DellTechnologiesTask.testpackage.LoginScenario.assertPassword(LoginScenario.java:121)
at com.saucedemo.DellTechnologiesTask.testpackage.LoginScenario.coverAllTestcases(LoginScenario.java:103)
at sun.reflect.NativeMethodAccessorImpl.invoke0(Native Method)
at sun.reflect.NativeMethodAccessorImpl.invoke(NativeMethodAccessorImpl.java:62)
at sun.reflect.DelegatingMethodAccessorImpl.invoke(DelegatingMethodAccessorImpl.java:43)
at java.lang.reflect.Method.invoke(Method.java:498)
at org.testng.internal.MethodInvocationHelper.invokeMethod(MethodInvocationHelper.java:124)
at org.testng.internal.Invoker.invokeMethod(Invoker.java:580)
at org.testng.internal.Invoker.invokeTestMethod(Invoker.java:716)
at org.testng.internal.Invoker.invokeTestMethods(Invoker.java:988)
at org.testng.internal.TestMethodWorker.invokeTestMethods(TestMethodWorker.java:125)
at org.testng.internal.TestMethodWorker.run(TestMethodWorker.java:109)
at org.testng.TestRunner.privateRun(TestRunner.java:648)
at org.testng.TestRunner.run(TestRunner.java:505)
at org.testng.SuiteRunner.runTest(SuiteRunner.java:455)
at org.testng.SuiteRunner.runSequentially(SuiteRunner.java:450)
at org.testng.SuiteRunner.privateRun(SuiteRunner.java:415)
at org.testng.SuiteRunner.run(SuiteRunner.java:364)
at org.testng.SuiteRunnerWorker.runSuite(SuiteRunnerWorker.java:52)
at org.testng.SuiteRunnerWorker.run(SuiteRunnerWorker.java:84)
at org.testng.TestNG.runSuitesSequentially(TestNG.java:1208)
at org.testng.TestNG.runSuitesLocally(TestNG.java:1137)
at org.testng.TestNG.runSuites(TestNG.java:1049)
at org.testng.TestNG.run(TestNG.java:1017)
at org.testng.remote.AbstractRemoteTestNG.run(AbstractRemoteTestNG.java:114)
at org.testng.remote.RemoteTestNG.initAndRun(RemoteTestNG.java:251)
at org.testng.remote.RemoteTestNG.main(RemoteTestNG.java:77)
]]>
            </full-stacktrace>
          </exception> <!-- java.lang.AssertionError -->
          <reporter-output>
          </reporter-output>
        </test-method> <!-- coverAllTestcases -->
        <test-method status="PASS" signature="navigation()[pri:0, instance:com.saucedemo.DellTechnologiesTask.testpackage.LoginScenario@d23e042]" name="navigation" is-config="true" duration-ms="139" started-at="2022-03-15T20:19:38Z" finished-at="2022-03-15T20:19:38Z">
          <reporter-output>
          </reporter-output>
        </test-method> <!-- navigation -->
        <test-method status="PASS" signature="positiveScenario()[pri:0, instance:com.saucedemo.DellTechnologiesTask.testpackage.LoginScenario@d23e042]" name="positiveScenario" duration-ms="492" started-at="2022-03-15T20:19:38Z" finished-at="2022-03-15T20:19:39Z">
          <reporter-output>
          </reporter-output>
        </test-method> <!-- positiveScenario -->
        <test-method status="PASS" signature="close()[pri:0, instance:com.saucedemo.DellTechnologiesTask.testpackage.LoginScenario@d23e042]" name="close" is-config="true" duration-ms="2457" started-at="2022-03-15T20:19:39Z" finished-at="2022-03-15T20:19:41Z">
          <reporter-output>
          </reporter-output>
        </test-method> <!-- close -->
      </class> <!-- com.saucedemo.DellTechnologiesTask.testpackage.LoginScenario -->
    </test> <!-- Testfirefox -->
  </suite> <!-- Suite -->
</testng-results>
